---------------------------------------------------------------
TxId	Txtype	Operation	ObId:Obvalue:optime	LockType	Status		TxStatus
T1	W 	BeginTx
 T1	ReadTx		1:-1:277			ReadLock	Granted		P
T1	ReadTx		2:-1:277			ReadLock	Granted		P
T1	WriteTx		3:1:277				WriteLock	Granted		P
T1	WriteTx		4:1:277				WriteLock	Granted		P
T1	ReadTx		1:-2:277			ReadLock	Granted		P
T1	WriteTx		2:0:277				WriteLock	Granted		P
T2	W 	BeginTx
 T1	WriteTx		4:2:277				WriteLock	Granted		P
T2	ReadTx		5:-1:235			ReadLock	Granted		P
T1	WriteTx		4:3:277				WriteLock	Granted		P
T1	CommmitTx 	4 : 3 	3 : 1 	2 : 0 	1 : -2 	
T2	WriteTx		5:0:235				WriteLock	Granted		P
T2	WriteTx		6:1:235				WriteLock	Granted		P
T2	ReadTx		6:0:235			ReadLock	Granted		P
T2	CommmitTx 	6 : 0 	5 : 0 	
---------------------------------------------------------------
TxId	Txtype	Operation	ObId:Obvalue:optime	LockType	Status		TxStatus
T1	W 	BeginTx
 T1	ReadTx		1:-1:277			ReadLock	Granted		P
T1	ReadTx		2:-1:277			ReadLock	Granted		P
T1	WriteTx		3:1:277				WriteLock	Granted		P
T1	WriteTx		4:1:277				WriteLock	Granted		P
T1	ReadTx		1:-2:277			ReadLock	Granted		P
T1	WriteTx		2:0:277				WriteLock	Granted		P
T2	W 	BeginTx
 T2	ReadTx		5:-1:235			ReadLock	Granted		P
T2	WriteTx		5:0:235				WriteLock	Granted		P
T2	WriteTx		6:1:235				WriteLock	Granted		P
T1	WriteTx		4:2:277				WriteLock	Granted		P
T1	WriteTx		4:3:277				WriteLock	Granted		P
T2	ReadTx		6:0:235			ReadLock	Granted		P
T2	CommmitTx 	T1	CommmitTx 	4 : 3 	3 : 1 	5 : 0 	
2 : 0 	1 : -2 	
6 : 0 	---------------------------------------------------------------
TxId	Txtype	Operation	ObId:Obvalue:optime	LockType	Status		TxStatus
T1	W 	BeginTx
 T1	ReadTx		1:-1:277			ReadLock	Granted		P
T1	ReadTx		2:-1:277			ReadLock	Granted		P
T1	WriteTx		3:1:277				WriteLock	Granted		P
T1	WriteTx		4:1:277				WriteLock	Granted		P
T1	ReadTx		1:-2:277			ReadLock	Granted		P
T2	W 	BeginTx
 T1	WriteTx		2:0:277				WriteLock	Granted		P
T2	ReadTx		5:-1:235			ReadLock	Granted		P
T2	WriteTx		5:0:235				WriteLock	Granted		P
T1	WriteTx		4:2:277				WriteLock	Granted		P
T1	WriteTx		4:3:277				WriteLock	Granted		P
T2	ReadTx		6:0:235			ReadLock	Granted		P
T1	CommmitTx 	4 : 3 	T2	CommmitTx 	3 : 1 	2 : 0 	6 : 0 	5 : 0 	
1 : -2 	
T2	WriteTx		6:1:235				WriteLock	Granted		P
---------------------------------------------------------------
TxId	Txtype	Operation	ObId:Obvalue:optime	LockType	Status		TxStatus
T1	W 	BeginTx
 T1	ReadTx		1:-1:277			ReadLock	Granted		P
T1	ReadTx		2:-1:277			ReadLock	Granted		P
T1	WriteTx		3:1:277				WriteLock	Granted		P
T1	WriteTx		4:1:277				WriteLock	Granted		P
T2	W 	BeginTx
 T2	ReadTx		5:-1:235			ReadLock	Granted		P
T2	WriteTx		5:0:235				WriteLock	Granted		P
T1	ReadTx		1:-2:277			ReadLock	Granted		P
T2	WriteTx		6:1:235				WriteLock	Granted		P
T2	ReadTx		6:0:235			ReadLock	Granted		P
T1	WriteTx		4:2:277				WriteLock	Granted		P
T2	CommmitTx 	6 : 0 	5 : 0 	
T1	WriteTx		4:3:277				WriteLock	Granted		P
T1	CommmitTx 	4 : 3 	3 : 1 	2 : 0 	1 : -2 	
T1	WriteTx		2:0:277				WriteLock	Granted		P
---------------------------------------------------------------
TxId	Txtype	Operation	ObId:Obvalue:optime	LockType	Status		TxStatus
T1	W 	BeginTx
 T1	ReadTx		1:-1:277			ReadLock	Granted		P
T1	ReadTx		2:-1:277			ReadLock	Granted		P
T1	WriteTx		3:1:277				WriteLock	Granted		P
T1	WriteTx		4:1:277				WriteLock	Granted		P
T2	W 	BeginTx
 T2	ReadTx		5:-1:235			ReadLock	Granted		P
T1	ReadTx		1:-2:277			ReadLock	Granted		P
T1	WriteTx		2:0:277				WriteLock	Granted		P
T1	WriteTx		4:2:277				WriteLock	Granted		P
T1	WriteTx		4:3:277				WriteLock	Granted		P
T1	CommmitTx 	4 : 3 	3 : 1 	2 : 0 	1 : -2 	
T2	WriteTx		5:0:235				WriteLock	Granted		P
T2	WriteTx		6:1:235				WriteLock	Granted		P
T2	ReadTx		6:0:235			ReadLock	Granted		P
T2	CommmitTx 	6 : 0 	5 : 0 	
---------------------------------------------------------------
TxId	Txtype	Operation	ObId:Obvalue:optime	LockType	Status		TxStatus
T1	W 	BeginTx
 T1	ReadTx		1:-1:277			ReadLock	Granted		P
T1	ReadTx		2:-1:277			ReadLock	Granted		P
T1	WriteTx		3:1:277				WriteLock	Granted		P
T1	WriteTx		4:1:277				WriteLock	Granted		P
T1	ReadTx		1:-2:277			ReadLock	Granted		P
T1	WriteTx		2:0:277				WriteLock	Granted		P
T1	WriteTx		4:2:277				WriteLock	Granted		P
T1	WriteTx		4:3:277				WriteLock	Granted		P
T1	CommmitTx 	4 : 3 	3 : 1 	2 : 0 	1 : -2 	
T2	W 	BeginTx
 T2	ReadTx		5:-1:235			ReadLock	Granted		P
T2	WriteTx		5:0:235				WriteLock	Granted		P
T2	WriteTx		6:1:235				WriteLock	Granted		P
T2	ReadTx		6:0:235			ReadLock	Granted		P
T2	CommmitTx 	6 : 0 	5 : 0 	
---------------------------------------------------------------
TxId	Txtype	Operation	ObId:Obvalue:optime	LockType	Status		TxStatus
T1	W 	BeginTx
 T1	ReadTx		1:-1:277			ReadLock	Granted		P
T1	ReadTx		2:-1:277			ReadLock	Granted		P
T1	WriteTx		3:1:277				WriteLock	Granted		P
T1	WriteTx		4:1:277				WriteLock	Granted		P
T1	ReadTx		1:-2:277			ReadLock	Granted		P
T1	WriteTx		2:0:277				WriteLock	Granted		P
T1	WriteTx		4:2:277				WriteLock	Granted		P
T1	WriteTx		4:3:277				WriteLock	Granted		P
T1	CommmitTx 	4 : 3 	3 : 1 	2 : 0 	1 : -2 	
T2	W 	BeginTx
 T2	ReadTx		5:-1:235			ReadLock	Granted		P
T2	WriteTx		5:0:235				WriteLock	Granted		P
T2	WriteTx		6:1:235				WriteLock	Granted		P
T2	ReadTx		6:0:235			ReadLock	Granted		P
T2	CommmitTx 	6 : 0 	5 : 0 	
---------------------------------------------------------------
TxId	Txtype	Operation	ObId:Obvalue:optime	LockType	Status		TxStatus
T1	W 	BeginTx
 T1	ReadTx		1:-1:277			ReadLock	Granted		P
T1	ReadTx		2:-1:277			ReadLock	Granted		P
T1	WriteTx		3:1:277				WriteLock	Granted		P
T2	W 	BeginTx
 T2	ReadTx		5:-1:235			ReadLock	Granted		P
T2	WriteTx		5:0:235				WriteLock	Granted		P
T2	WriteTx		6:1:235				WriteLock	Granted		P
T2	ReadTx		6:0:235			ReadLock	Granted		P
T1	WriteTx		4:1:277				WriteLock	Granted		P
T2	CommmitTx 	6 : 0 	5 : 0 	
T1	ReadTx		1:-2:277			ReadLock	Granted		P
T1	WriteTx		2:0:277				WriteLock	Granted		P
T1	WriteTx		4:2:277				WriteLock	Granted		P
T1	WriteTx		4:3:277				WriteLock	Granted		P
T1	CommmitTx 	4 : 3 	3 : 1 	2 : 0 	1 : -2 	
---------------------------------------------------------------
TxId	Txtype	Operation	ObId:Obvalue:optime	LockType	Status		TxStatus
T1	W 	BeginTx
 T1	ReadTx		1:-1:277			ReadLock	Granted		P
T1	ReadTx		2:-1:277			ReadLock	Granted		P
T1	WriteTx		3:1:277				WriteLock	Granted		P
T1	WriteTx		4:1:277				WriteLock	Granted		P
T1	ReadTx		1:-2:277			ReadLock	Granted		P
T1	WriteTx		2:0:277				WriteLock	Granted		P
T2	W 	BeginTx
 T2	ReadTx		5:-1:235			ReadLock	Granted		P
T1	WriteTx		4:2:277				WriteLock	Granted		P
T2	WriteTx		5:0:235				WriteLock	Granted		P
T1	WriteTx		4:3:277				WriteLock	Granted		P
T1	CommmitTx 	4 : 3 	3 : 1 	2 : 0 	1 : -2 	
T2	WriteTx		6:1:235				WriteLock	Granted		P
T2	ReadTx		6:0:235			ReadLock	Granted		P
T2	CommmitTx 	6 : 0 	5 : 0 	
---------------------------------------------------------------
TxId	Txtype	Operation	ObId:Obvalue:optime	LockType	Status		TxStatus
T1	W 	BeginTx
 T1	ReadTx		1:-1:277			ReadLock	Granted		P
T1	ReadTx		2:-1:277			ReadLock	Granted		P
T1	WriteTx		3:1:277				WriteLock	Granted		P
T1	WriteTx		4:1:277				WriteLock	Granted		P
T2	W 	BeginTx
 T2	ReadTx		5:-1:235			ReadLock	Granted		P
T2	WriteTx		5:0:235				WriteLock	Granted		P
T1	WriteTx		2:0:277				WriteLock	Granted		P
T1	WriteTx		4:2:277				WriteLock	Granted		P
T2	WriteTx		6:1:235				WriteLock	Granted		P
T1	CommmitTx 	4 : 3 	3 : 1 	2 : 0 	1 : -2 	T2	ReadTx		6:0:235			ReadLock	Granted		P
T2	CommmitTx 	6 : 0 	5 : 0 	

T1	WriteTx		4:3:277				WriteLock	Granted		P
T1	ReadTx		1:-2:277			ReadLock	Granted		P
---------------------------------------------------------------
TxId	Txtype	Operation	ObId:Obvalue:optime	LockType	Status		TxStatus
T1	W 	BeginTx
 T1	ReadTx		1:-1:277			ReadLock	Granted		P
T1	ReadTx		2:-1:277			ReadLock	Granted		P
T2	W 	BeginTx
 T1	WriteTx		3:1:277				WriteLock	Granted		P
T2	ReadTx		5:-1:235			ReadLock	Granted		P
T1	WriteTx		4:1:277				WriteLock	Granted		P
T1	ReadTx		1:-2:277			ReadLock	Granted		P
T2	WriteTx		5:0:235				WriteLock	Granted		P
T1	WriteTx		2:0:277				WriteLock	Granted		P
T2	WriteTx		6:1:235				WriteLock	Granted		P
T1	WriteTx		4:2:277				WriteLock	Granted		P
T2	ReadTx		6:0:235			ReadLock	Granted		P
T1	WriteTx		4:3:277				WriteLock	Granted		P
T2	CommmitTx 	6 : 0 	5 : 0 	
T1	CommmitTx 	4 : 3 	3 : 1 	2 : 0 	1 : -2 	
---------------------------------------------------------------
TxId	Txtype	Operation	ObId:Obvalue:optime	LockType	Status		TxStatus
T1	W 	BeginTx
 T1	ReadTx		1:-1:277			ReadLock	Granted		P
T1	  	Reading  
T1	ReadTx		2:-1:277			ReadLock	Granted		P
T1	  	Reading  
T1	WriteTx		3:1:277				WriteLock	Granted		P
T1	  	Writing
T1	WriteTx		4:1:277				WriteLock	Granted		P
T1	  	Writing
T1	ReadTx		1:-2:277			ReadLock	Granted		P
T1	  	Reading  
T1	WriteTx		2:0:277				WriteLock	Granted		P
T1	  	Writing
T1	WriteTx		4:2:277				WriteLock	Granted		P
T1	  	Writing
T2	W 	BeginTx
 T1	WriteTx		4:3:277				WriteLock	Granted		P
T1	  	Writing
T1	CommmitTx 	4 : 3 	3 : 1 	2 : 0 	1 : -2 	
T2	ReadTx		5:-1:235			ReadLock	Granted		P
T2	  	Reading  
T2	WriteTx		5:0:235				WriteLock	Granted		P
T2	  	Writing
T2	WriteTx		6:1:235				WriteLock	Granted		P
T2	  	Writing
T2	ReadTx		6:0:235			ReadLock	Granted		P
T2	  	Reading  
T2	CommmitTx 	6 : 0 	5 : 0 	
---------------------------------------------------------------
TxId	Txtype	Operation	ObId:Obvalue:optime	LockType	Status		TxStatus
T1	W 	BeginTx
 T1	ReadTx		1:-1:277			ReadLock	Granted		P
T1	ReadTx		2:-1:277			ReadLock	Granted		P
T1	WriteTx		3:1:277				WriteLock	Granted		P
T1	WriteTx		4:1:277				WriteLock	Granted		P
T1	ReadTx		1:-2:277			ReadLock	Granted		P
T1	WriteTx		2:0:277				WriteLock	Granted		P
T1	WriteTx		4:2:277				WriteLock	Granted		P
T1	WriteTx		4:3:277				WriteLock	Granted		P
T1	CommmitTx 	4 : 3 	3 : 1 	2 : 0 	1 : -2 	
T2	W 	BeginTx
 T2	ReadTx		5:-1:235			ReadLock	Granted		P
T2	WriteTx		5:0:235				WriteLock	Granted		P
T2	WriteTx		6:1:235				WriteLock	Granted		P
T2	ReadTx		6:0:235			ReadLock	Granted		P
T2	CommmitTx 	6 : 0 	5 : 0 	
